#
# There is insufficient memory for the Java Runtime Environment to continue.
# Native memory allocation (malloc) failed to allocate 2420496 bytes for Chunk::new
# Possible reasons:
#   The system is out of physical RAM or swap space
#   The process is running with CompressedOops enabled, and the Java Heap may be blocking the growth of the native heap
# Possible solutions:
#   Reduce memory load on the system
#   Increase physical memory or swap space
#   Check if swap backing store is full
#   Decrease Java heap size (-Xmx/-Xms)
#   Decrease number of Java threads
#   Decrease Java thread stack sizes (-Xss)
#   Set larger code cache with -XX:ReservedCodeCacheSize=
#   JVM is running with Unscaled Compressed Oops mode in which the Java heap is
#     placed in the first 4GB address space. The Java Heap base address is the
#     maximum limit for the native heap growth. Please use -XX:HeapBaseMinAddress
#     to set the Java Heap base and to place the Java Heap above 4GB virtual address.
# This output file may be truncated or incomplete.
#
#  Out of Memory Error (./open/src/hotspot/share/memory/arena.cpp:197), pid=6324, tid=4932
#
# JRE version: Java(TM) SE Runtime Environment 18.9 (11.0.10+8) (build 11.0.10+8-LTS-162)
# Java VM: Java HotSpot(TM) 64-Bit Server VM 18.9 (11.0.10+8-LTS-162, mixed mode, tiered, compressed oops, parallel gc, windows-amd64)
# No core dump will be written. Minidumps are not enabled by default on client versions of Windows
#

---------------  S U M M A R Y ------------

Command Line: --add-modules=ALL-SYSTEM --add-opens=java.base/java.util=ALL-UNNAMED --add-opens=java.base/java.lang=ALL-UNNAMED -Declipse.application=org.eclipse.jdt.ls.core.id1 -Dosgi.bundles.defaultStartLevel=4 -Declipse.product=org.eclipse.jdt.ls.core.product -Dfile.encoding=utf8 -DwatchParentProcess=false -XX:+UseParallelGC -XX:GCTimeRatio=4 -XX:AdaptiveSizePolicyWeight=90 -Dsun.zip.disableMemoryMapping=true -Xmx1G -Xms100m -Xverify:none c:\Users\Meu Computador\.vscode\extensions\redhat.java-0.79.1\server\plugins\org.eclipse.equinox.launcher_1.6.100.v20201223-0822.jar -configuration c:\Users\Meu Computador\AppData\Roaming\Code\User\globalStorage\redhat.java\0.79.1\config_ss_win -data c:\Users\Meu Computador\AppData\Roaming\Code\User\workspaceStorage\7d887d565e7232b5fbe7020a0b486a6b\redhat.java\ss_ws

Host: Intel(R) Core(TM) i5-3470 CPU @ 3.20GHz, 4 cores, 7G,  Windows 10 , 64 bit Build 19041 (10.0.19041.928)
Time: Tue May 18 13:19:54 2021 Hora oficial do Brasil elapsed time: 3.084385 seconds (0d 0h 0m 3s)

---------------  T H R E A D  ---------------

Current thread (0x000001873fd94000):  JavaThread "C2 CompilerThread1" daemon [_thread_in_native, id=4932, stack(0x0000004ab9000000,0x0000004ab9100000)]


Current CompileTask:
C2:   3084 1554       4       org.apache.felix.resolver.ResolverImpl::mergeUses (495 bytes)

Stack: [0x0000004ab9000000,0x0000004ab9100000]
Native frames: (J=compiled Java code, j=interpreted, Vv=VM code, C=native code)
V  [jvm.dll+0x613e6a]
V  [jvm.dll+0x74c1ff]
V  [jvm.dll+0x74d885]
V  [jvm.dll+0x74df03]
V  [jvm.dll+0x243b78]
V  [jvm.dll+0xba2cc]
V  [jvm.dll+0xba9cc]
V  [jvm.dll+0x3469c7]
V  [jvm.dll+0x194251]
V  [jvm.dll+0x1fd4a2]
V  [jvm.dll+0x1fc54f]
V  [jvm.dll+0x17f09c]
V  [jvm.dll+0x20bbd4]
V  [jvm.dll+0x209cab]
V  [jvm.dll+0x713619]
V  [jvm.dll+0x70c314]
V  [jvm.dll+0x613036]
C  [ucrtbase.dll+0x21bb2]
C  [KERNEL32.DLL+0x17034]
C  [ntdll.dll+0x52651]


---------------  P R O C E S S  ---------------

Threads class SMR info:
_java_thread_list=0x0000018740f74560, length=21, elements={
0x00000187240db000, 0x000001873df01800, 0x000001873df03800, 0x000001873f0b2800,
0x000001873df19000, 0x000001873df1c800, 0x000001873f0cd000, 0x000001873f0d8000,
0x000001873f1e4800, 0x000001873f26c800, 0x000001873fab5000, 0x000001873f8d4800,
0x000001873f8df800, 0x000001873f8e0800, 0x000001873fcff800, 0x000001873f7fb000,
0x000001873fd1e000, 0x000001873fd94000, 0x000001873fc48000, 0x0000018740908800,
0x00000187407db000
}

Java Threads: ( => current thread )
  0x00000187240db000 JavaThread "main" [_thread_blocked, id=9472, stack(0x0000004ab7b00000,0x0000004ab7c00000)]
  0x000001873df01800 JavaThread "Reference Handler" daemon [_thread_blocked, id=11788, stack(0x0000004ab7e00000,0x0000004ab7f00000)]
  0x000001873df03800 JavaThread "Finalizer" daemon [_thread_blocked, id=1980, stack(0x0000004ab7f00000,0x0000004ab8000000)]
  0x000001873f0b2800 JavaThread "Signal Dispatcher" daemon [_thread_blocked, id=11792, stack(0x0000004ab8000000,0x0000004ab8100000)]
  0x000001873df19000 JavaThread "Attach Listener" daemon [_thread_blocked, id=5808, stack(0x0000004ab8100000,0x0000004ab8200000)]
  0x000001873df1c800 JavaThread "C2 CompilerThread0" daemon [_thread_blocked, id=3980, stack(0x0000004ab8200000,0x0000004ab8300000)]
  0x000001873f0cd000 JavaThread "C1 CompilerThread0" daemon [_thread_in_vm, id=10724, stack(0x0000004ab8300000,0x0000004ab8400000)]
  0x000001873f0d8000 JavaThread "Sweeper thread" daemon [_thread_blocked, id=8388, stack(0x0000004ab8400000,0x0000004ab8500000)]
  0x000001873f1e4800 JavaThread "Common-Cleaner" daemon [_thread_blocked, id=1640, stack(0x0000004ab8500000,0x0000004ab8600000)]
  0x000001873f26c800 JavaThread "Service Thread" daemon [_thread_blocked, id=7552, stack(0x0000004ab8600000,0x0000004ab8700000)]
  0x000001873fab5000 JavaThread "Equinox resolver thread - Equinox Container: f1e478d5-5aed-472b-a357-35ee05b0a3ec" daemon [_thread_blocked, id=7904, stack(0x0000004ab8a00000,0x0000004ab8b00000)]
  0x000001873f8d4800 JavaThread "Equinox resolver thread - Equinox Container: f1e478d5-5aed-472b-a357-35ee05b0a3ec" daemon [_thread_blocked, id=12016, stack(0x0000004ab8b00000,0x0000004ab8c00000)]
  0x000001873f8df800 JavaThread "Equinox resolver thread - Equinox Container: f1e478d5-5aed-472b-a357-35ee05b0a3ec" daemon [_thread_blocked, id=3356, stack(0x0000004ab8c00000,0x0000004ab8d00000)]
  0x000001873f8e0800 JavaThread "Equinox resolver thread - Equinox Container: f1e478d5-5aed-472b-a357-35ee05b0a3ec" daemon [_thread_blocked, id=7440, stack(0x0000004ab8d00000,0x0000004ab8e00000)]
  0x000001873fcff800 JavaThread "Active Thread: Equinox Container: f1e478d5-5aed-472b-a357-35ee05b0a3ec" [_thread_blocked, id=11556, stack(0x0000004ab8e00000,0x0000004ab8f00000)]
  0x000001873f7fb000 JavaThread "Framework Event Dispatcher: Equinox Container: f1e478d5-5aed-472b-a357-35ee05b0a3ec" daemon [_thread_blocked, id=7632, stack(0x0000004ab8800000,0x0000004ab8900000)]
  0x000001873fd1e000 JavaThread "Start Level: Equinox Container: f1e478d5-5aed-472b-a357-35ee05b0a3ec" daemon [_thread_in_Java, id=7584, stack(0x0000004ab8f00000,0x0000004ab9000000)]
=>0x000001873fd94000 JavaThread "C2 CompilerThread1" daemon [_thread_in_native, id=4932, stack(0x0000004ab9000000,0x0000004ab9100000)]
  0x000001873fc48000 JavaThread "Refresh Thread: Equinox Container: f1e478d5-5aed-472b-a357-35ee05b0a3ec" daemon [_thread_blocked, id=5156, stack(0x0000004ab9100000,0x0000004ab9200000)]
  0x0000018740908800 JavaThread "SCR Component Actor" daemon [_thread_blocked, id=10968, stack(0x0000004ab9400000,0x0000004ab9500000)]
  0x00000187407db000 JavaThread "Timer-0" daemon [_thread_blocked, id=11472, stack(0x0000004ab9500000,0x0000004ab9600000)]

Other Threads:
  0x00000187241a3000 VMThread "VM Thread" [stack: 0x0000004ab7d00000,0x0000004ab7e00000] [id=2412]
  0x000001873f2d9800 WatcherThread [stack: 0x0000004ab8700000,0x0000004ab8800000] [id=8696]
  0x00000187240ef000 GCTaskThread "ParGC Thread#0" [stack: 0x0000004ab7c00000,0x0000004ab7d00000] [id=7788]
  0x000001873f461800 GCTaskThread "ParGC Thread#1" [stack: 0x0000004ab8900000,0x0000004ab8a00000] [id=7564]
  0x00000187407dc000 GCTaskThread "ParGC Thread#2" [stack: 0x0000004ab9200000,0x0000004ab9300000] [id=776]
  0x00000187408a3000 GCTaskThread "ParGC Thread#3" [stack: 0x0000004ab9300000,0x0000004ab9400000] [id=11844]

Threads with active compile tasks:
C1 CompilerThread0   3104 2057       3       sun.util.locale.LocaleObjectCache::get (126 bytes)
C2 CompilerThread1   3104 1554       4       org.apache.felix.resolver.ResolverImpl::mergeUses (495 bytes)

VM state:not at safepoint (normal execution)

VM Mutex/Monitor currently owned by a thread: None

OutOfMemory and StackOverflow Exception counts:
OutOfMemoryError java_heap_errors=2
LinkageErrors=15

Heap address: 0x00000000c0000000, size: 1024 MB, Compressed Oops mode: 32-bit
Narrow klass base: 0x0000000000000000, Narrow klass shift: 3
Compressed class space size: 1073741824 Address: 0x0000000100000000

Heap:
 PSYoungGen      total 29696K, used 13026K [0x00000000eab00000, 0x00000000ecc00000, 0x0000000100000000)
  eden space 25600K, 34% used [0x00000000eab00000,0x00000000eb3bf440,0x00000000ec400000)
  from space 4096K, 99% used [0x00000000ec800000,0x00000000ecbf9638,0x00000000ecc00000)
  to   space 4096K, 0% used [0x00000000ec400000,0x00000000ec400000,0x00000000ec800000)
 ParOldGen       total 68608K, used 3106K [0x00000000c0000000, 0x00000000c4300000, 0x00000000eab00000)
  object space 68608K, 4% used [0x00000000c0000000,0x00000000c03089e8,0x00000000c4300000)
 Metaspace       used 17625K, capacity 18171K, committed 18304K, reserved 1064960K
  class space    used 1672K, capacity 1799K, committed 1920K, reserved 1048576K

Card table byte_map: [0x0000018723ac0000,0x0000018723cd0000] _byte_map_base: 0x00000187234c0000

Marking Bits: (ParMarkBitMap*) 0x00007ffecbe83590
 Begin Bits: [0x000001873b560000, 0x000001873c560000)
 End Bits:   [0x000001873c560000, 0x000001873d560000)

Polling page: 0x00000187238b0000

Metaspace:

Usage:
  Non-class:     15.99 MB capacity,    15.58 MB ( 97%) used,   391.17 KB (  2%) free+waste,    28.75 KB ( <1%) overhead. 
      Class:      1.76 MB capacity,     1.63 MB ( 93%) used,   113.16 KB (  6%) free+waste,    12.88 KB ( <1%) overhead. 
       Both:     17.75 MB capacity,    17.21 MB ( 97%) used,   504.34 KB (  3%) free+waste,    41.63 KB ( <1%) overhead. 

Virtual space:
  Non-class space:       16.00 MB reserved,      16.00 MB (100%) committed 
      Class space:        1.00 GB reserved,       1.88 MB ( <1%) committed 
             Both:        1.02 GB reserved,      17.88 MB (  2%) committed 

Chunk freelists:
   Non-Class:  1.50 KB
       Class:  3.13 KB
        Both:  4.63 KB

CodeHeap 'non-profiled nmethods': size=120064Kb used=695Kb max_used=695Kb free=119368Kb
 bounds [0x0000018734020000, 0x0000018734290000, 0x000001873b560000]
CodeHeap 'profiled nmethods': size=120000Kb used=4298Kb max_used=4298Kb free=115701Kb
 bounds [0x000001872caf0000, 0x000001872cf30000, 0x0000018734020000]
CodeHeap 'non-nmethods': size=5696Kb used=1106Kb max_used=1118Kb free=4589Kb
 bounds [0x000001872c560000, 0x000001872c7d0000, 0x000001872caf0000]
 total_blobs=2480 nmethods=2057 adapters=336
 compilation: enabled
              stopped_count=0, restarted_count=0
 full_count=0

Compilation events (10 events):
Event: 3.078 Thread 0x000001873f0cd000 2013       1       org.eclipse.core.internal.registry.Contribution::getContributorId (5 bytes)
Event: 3.078 Thread 0x000001873f0cd000 nmethod 2013 0x00000187340cb290 code [0x00000187340cb420, 0x00000187340cb4d8]
Event: 3.078 Thread 0x000001873f0cd000 2014       1       org.eclipse.core.internal.registry.Contribution::shouldPersist (5 bytes)
Event: 3.079 Thread 0x000001873f0cd000 nmethod 2014 0x00000187340cb590 code [0x00000187340cb720, 0x00000187340cb7d8]
Event: 3.079 Thread 0x000001873f0cd000 2015       1       org.eclipse.core.internal.registry.RegistryObject::setObjectId (6 bytes)
Event: 3.079 Thread 0x000001873f0cd000 nmethod 2015 0x00000187340cb890 code [0x00000187340cba20, 0x00000187340cbad8]
Event: 3.081 Thread 0x000001873f0cd000 2021       3       jdk.internal.misc.VM::initLevel (4 bytes)
Event: 3.081 Thread 0x000001873f0cd000 nmethod 2021 0x000001872cf11910 code [0x000001872cf11aa0, 0x000001872cf11b98]
Event: 3.081 Thread 0x000001873f0cd000 2022       3       jdk.internal.misc.VM::isModuleSystemInited (13 bytes)
Event: 3.081 Thread 0x000001873f0cd000 nmethod 2022 0x000001872cf11c10 code [0x000001872cf11dc0, 0x000001872cf11f58]

GC Heap History (6 events):
Event: 0.992 GC heap before
{Heap before GC invocations=1 (full 0):
 PSYoungGen      total 29696K, used 14644K [0x00000000eab00000, 0x00000000ecc00000, 0x0000000100000000)
  eden space 25600K, 57% used [0x00000000eab00000,0x00000000eb94d238,0x00000000ec400000)
  from space 4096K, 0% used [0x00000000ec800000,0x00000000ec800000,0x00000000ecc00000)
  to   space 4096K, 0% used [0x00000000ec400000,0x00000000ec400000,0x00000000ec800000)
 ParOldGen       total 68608K, used 0K [0x00000000c0000000, 0x00000000c4300000, 0x00000000eab00000)
  object space 68608K, 0% used [0x00000000c0000000,0x00000000c0000000,0x00000000c4300000)
 Metaspace       used 10573K, capacity 10734K, committed 10752K, reserved 1058816K
  class space    used 963K, capacity 1024K, committed 1024K, reserved 1048576K
}
Event: 1.006 GC heap after
{Heap after GC invocations=1 (full 0):
 PSYoungGen      total 29696K, used 2733K [0x00000000eab00000, 0x00000000ecc00000, 0x0000000100000000)
  eden space 25600K, 0% used [0x00000000eab00000,0x00000000eab00000,0x00000000ec400000)
  from space 4096K, 66% used [0x00000000ec400000,0x00000000ec6ab668,0x00000000ec800000)
  to   space 4096K, 0% used [0x00000000ec800000,0x00000000ec800000,0x00000000ecc00000)
 ParOldGen       total 68608K, used 0K [0x00000000c0000000, 0x00000000c4300000, 0x00000000eab00000)
  object space 68608K, 0% used [0x00000000c0000000,0x00000000c0000000,0x00000000c4300000)
 Metaspace       used 10573K, capacity 10734K, committed 10752K, reserved 1058816K
  class space    used 963K, capacity 1024K, committed 1024K, reserved 1048576K
}
Event: 1.006 GC heap before
{Heap before GC invocations=2 (full 1):
 PSYoungGen      total 29696K, used 2733K [0x00000000eab00000, 0x00000000ecc00000, 0x0000000100000000)
  eden space 25600K, 0% used [0x00000000eab00000,0x00000000eab00000,0x00000000ec400000)
  from space 4096K, 66% used [0x00000000ec400000,0x00000000ec6ab668,0x00000000ec800000)
  to   space 4096K, 0% used [0x00000000ec800000,0x00000000ec800000,0x00000000ecc00000)
 ParOldGen       total 68608K, used 0K [0x00000000c0000000, 0x00000000c4300000, 0x00000000eab00000)
  object space 68608K, 0% used [0x00000000c0000000,0x00000000c0000000,0x00000000c4300000)
 Metaspace       used 10573K, capacity 10734K, committed 10752K, reserved 1058816K
  class space    used 963K, capacity 1024K, committed 1024K, reserved 1048576K
}
Event: 1.025 GC heap after
{Heap after GC invocations=2 (full 1):
 PSYoungGen      total 29696K, used 0K [0x00000000eab00000, 0x00000000ecc00000, 0x0000000100000000)
  eden space 25600K, 0% used [0x00000000eab00000,0x00000000eab00000,0x00000000ec400000)
  from space 4096K, 0% used [0x00000000ec400000,0x00000000ec400000,0x00000000ec800000)
  to   space 4096K, 0% used [0x00000000ec800000,0x00000000ec800000,0x00000000ecc00000)
 ParOldGen       total 68608K, used 2678K [0x00000000c0000000, 0x00000000c4300000, 0x00000000eab00000)
  object space 68608K, 3% used [0x00000000c0000000,0x00000000c029d940,0x00000000c4300000)
 Metaspace       used 10573K, capacity 10734K, committed 10752K, reserved 1058816K
  class space    used 963K, capacity 1024K, committed 1024K, reserved 1048576K
}
Event: 2.614 GC heap before
{Heap before GC invocations=3 (full 1):
 PSYoungGen      total 29696K, used 25600K [0x00000000eab00000, 0x00000000ecc00000, 0x0000000100000000)
  eden space 25600K, 100% used [0x00000000eab00000,0x00000000ec400000,0x00000000ec400000)
  from space 4096K, 0% used [0x00000000ec400000,0x00000000ec400000,0x00000000ec800000)
  to   space 4096K, 0% used [0x00000000ec800000,0x00000000ec800000,0x00000000ecc00000)
 ParOldGen       total 68608K, used 2678K [0x00000000c0000000, 0x00000000c4300000, 0x00000000eab00000)
  object space 68608K, 3% used [0x00000000c0000000,0x00000000c029d940,0x00000000c4300000)
 Metaspace       used 13852K, capacity 14141K, committed 14208K, reserved 1062912K
  class space    used 1280K, capacity 1352K, committed 1408K, reserved 1048576K
}
Event: 2.621 GC heap after
{Heap after GC invocations=3 (full 1):
 PSYoungGen      total 29696K, used 4069K [0x00000000eab00000, 0x00000000ecc00000, 0x0000000100000000)
  eden space 25600K, 0% used [0x00000000eab00000,0x00000000eab00000,0x00000000ec400000)
  from space 4096K, 99% used [0x00000000ec800000,0x00000000ecbf9638,0x00000000ecc00000)
  to   space 4096K, 0% used [0x00000000ec400000,0x00000000ec400000,0x00000000ec800000)
 ParOldGen       total 68608K, used 3106K [0x00000000c0000000, 0x00000000c4300000, 0x00000000eab00000)
  object space 68608K, 4% used [0x00000000c0000000,0x00000000c03089e8,0x00000000c4300000)
 Metaspace       used 13852K, capacity 14141K, committed 14208K, reserved 1062912K
  class space    used 1280K, capacity 1352K, committed 1408K, reserved 1048576K
}

Deoptimization events (10 events):
Event: 1.271 Thread 0x00000187240db000 Uncommon trap: reason=bimorphic_or_optimized_type_check action=maybe_recompile pc=0x000001873402cc14 method=java.util.AbstractCollection.isEmpty()Z @ 1 c2
Event: 1.353 Thread 0x00000187240db000 Uncommon trap: reason=class_check action=maybe_recompile pc=0x00000187340681ec method=java.util.HashMap.putVal(ILjava/lang/Object;Ljava/lang/Object;ZZ)Ljava/lang/Object; @ 253 c2
Event: 1.357 Thread 0x00000187240db000 Uncommon trap: reason=class_check action=maybe_recompile pc=0x00000187340681ec method=java.util.HashMap.putVal(ILjava/lang/Object;Ljava/lang/Object;ZZ)Ljava/lang/Object; @ 253 c2
Event: 1.360 Thread 0x00000187240db000 Uncommon trap: reason=class_check action=maybe_recompile pc=0x000001873405c1b4 method=java.util.HashMap.putVal(ILjava/lang/Object;Ljava/lang/Object;ZZ)Ljava/lang/Object; @ 253 c2
Event: 2.480 Thread 0x00000187240db000 Uncommon trap: reason=intrinsic_or_type_checked_inlining action=make_not_entrant pc=0x000001873408a640 method=java.util.Arrays.copyOf([Ljava/lang/Object;ILjava/lang/Class;)[Ljava/lang/Object; @ 35 c2
Event: 2.519 Thread 0x000001873fc48000 Uncommon trap: reason=unstable_if action=reinterpret pc=0x000001873406d8b0 method=java.lang.ThreadLocal.get()Ljava/lang/Object; @ 11 c2
Event: 2.550 Thread 0x000001873fc48000 Uncommon trap: reason=unstable_if action=reinterpret pc=0x00000187340957ec method=org.eclipse.osgi.internal.framework.FilterImpl$Parser.skipWhiteSpace()V @ 39 c2
Event: 2.597 Thread 0x000001873f8d4800 Uncommon trap: reason=unstable_if action=reinterpret pc=0x00000187340695dc method=java.util.concurrent.ConcurrentHashMap.get(Ljava/lang/Object;)Ljava/lang/Object; @ 86 c2
Event: 2.597 Thread 0x000001873fc48000 Uncommon trap: reason=unstable_if action=reinterpret pc=0x00000187340695dc method=java.util.concurrent.ConcurrentHashMap.get(Ljava/lang/Object;)Ljava/lang/Object; @ 86 c2
Event: 2.982 Thread 0x000001873fd1e000 Uncommon trap: reason=unstable_if action=reinterpret pc=0x0000018734096e08 method=java.io.WinNTFileSystem.normalize(Ljava/lang/String;II)Ljava/lang/String; @ 100 c2

Classes redefined (0 events):
No events

Internal exceptions (10 events):
Event: 1.332 Thread 0x00000187240db000 Exception <a 'java/lang/NoSuchMethodError'{0x00000000eb316158}: java.lang.invoke.Invokers$Holder.linkToTargetMethod(Ljava/lang/Object;Ljava/lang/Object;Ljava/lang/Object;ILjava/lang/Object;Ljava/lang/Object;)Ljava/lang/Object;> (0x00000000eb316158) thrown
Event: 2.510 Thread 0x00000187240db000 Exception <a 'java/lang/UnsatisfiedLinkError'{0x00000000ebf70520}: org.eclipse.equinox.launcher.JNIBridge._update_splash()V> (0x00000000ebf70520) thrown at [./open/src/hotspot/share/prims/nativeLookup.cpp, line 519]
Event: 2.519 Thread 0x000001873fc48000 Implicit null exception at 0x000001873406d808 to 0x000001873406d89c
Event: 2.792 Thread 0x000001873fd1e000 Exception <a 'java/lang/NoSuchMethodError'{0x00000000eaed4be0}: java.lang.invoke.DirectMethodHandle$Holder.invokeStatic(Ljava/lang/Object;Ljava/lang/Object;Ljava/lang/Object;Ljava/lang/Object;Ljava/lang/Object;Ljava/lang/Object;Ljava/lang/Object;Ljava/lan
Event: 2.796 Thread 0x000001873fd1e000 Exception <a 'java/lang/NoSuchMethodError'{0x00000000eaee2e30}: java.lang.invoke.DirectMethodHandle$Holder.invokeStatic(Ljava/lang/Object;Ljava/lang/Object;Ljava/lang/Object;Ljava/lang/Object;Ljava/lang/Object;Ljava/lang/Object;Ljava/lang/Object;Ljava/lan
Event: 2.800 Thread 0x000001873fd1e000 Exception <a 'java/lang/NoSuchMethodError'{0x00000000eaef13a8}: java.lang.invoke.DirectMethodHandle$Holder.invokeSpecial(Ljava/lang/Object;Ljava/lang/Object;IILjava/lang/Object;Ljava/lang/Object;Ljava/lang/Object;)Ljava/lang/Object;> (0x00000000eaef13a8) 
Event: 2.800 Thread 0x000001873fd1e000 Exception <a 'java/lang/NoSuchMethodError'{0x00000000eaef4bd8}: java.lang.invoke.DelegatingMethodHandle$Holder.reinvoke_L(Ljava/lang/Object;IILjava/lang/Object;Ljava/lang/Object;Ljava/lang/Object;)Ljava/lang/Object;> (0x00000000eaef4bd8) thrown at [./open
Event: 2.801 Thread 0x000001873fd1e000 Exception <a 'java/lang/NoSuchMethodError'{0x00000000eaef8f58}: java.lang.invoke.DirectMethodHandle$Holder.invokeStatic(Ljava/lang/Object;Ljava/lang/Object;Ljava/lang/Object;Ljava/lang/Object;I)Ljava/lang/Object;> (0x00000000eaef8f58) thrown at [./open/sr
Event: 3.072 Thread 0x000001873fd1e000 Exception <a 'java/lang/OutOfMemoryError'{0x00000000eb2e5de0}> (0x00000000eb2e5de0) thrown at [./open/src/hotspot/share/prims/jni.cpp, line 632]
Event: 3.072 Thread 0x000001873fd1e000 Exception <a 'java/lang/OutOfMemoryError'{0x00000000eb2e5de0}> (0x00000000eb2e5de0) thrown at [./open/src/hotspot/share/prims/jvm.cpp, line 1309]

Events (10 events):
Event: 3.081 loading class java/lang/StackTraceElement$HashedModules done
Event: 3.081 loading class org/eclipse/osgi/internal/log/ExtendedLogEntryImpl
Event: 3.081 loading class org/eclipse/osgi/internal/log/ExtendedLogEntryImpl done
Event: 3.081 loading class org/eclipse/equinox/log/ExtendedLogEntry
Event: 3.081 loading class org/eclipse/equinox/log/ExtendedLogEntry done
Event: 3.082 loading class org/osgi/service/log/LogEntry
Event: 3.082 loading class org/osgi/service/log/LogEntry done
Event: 3.082 Executing VM operation: RevokeBias
Event: 3.082 Executing VM operation: RevokeBias done
Event: 3.083 loading class java/util/Calendar


Dynamic libraries:
0x00007ff7ba1a0000 - 0x00007ff7ba1af000 	C:\Users\Meu Computador\.jdks\jdk-11.0.10\bin\java.exe
0x00007fff01370000 - 0x00007fff01565000 	C:\WINDOWS\SYSTEM32\ntdll.dll
0x00007fff00400000 - 0x00007fff004bd000 	C:\WINDOWS\System32\KERNEL32.DLL
0x00007ffefeec0000 - 0x00007ffeff188000 	C:\WINDOWS\System32\KERNELBASE.dll
0x00007ffefc390000 - 0x00007ffefc420000 	C:\WINDOWS\SYSTEM32\apphelp.dll
0x00007ffefedc0000 - 0x00007ffefeec0000 	C:\WINDOWS\System32\ucrtbase.dll
0x00007ffef5060000 - 0x00007ffef5078000 	C:\Users\Meu Computador\.jdks\jdk-11.0.10\bin\jli.dll
0x00007fff00fd0000 - 0x00007fff0107c000 	C:\WINDOWS\System32\ADVAPI32.dll
0x00007fff00890000 - 0x00007fff0092e000 	C:\WINDOWS\System32\msvcrt.dll
0x00007fff011a0000 - 0x00007fff0123b000 	C:\WINDOWS\System32\sechost.dll
0x00007fff004e0000 - 0x00007fff0060b000 	C:\WINDOWS\System32\RPCRT4.dll
0x00007fff006f0000 - 0x00007fff00890000 	C:\WINDOWS\System32\USER32.dll
0x00007ffef0d00000 - 0x00007ffef0d15000 	C:\Users\Meu Computador\.jdks\jdk-11.0.10\bin\VCRUNTIME140.dll
0x00007ffee1590000 - 0x00007ffee182a000 	C:\WINDOWS\WinSxS\amd64_microsoft.windows.common-controls_6595b64144ccf1df_6.0.19041.844_none_ca00b6081b84eb1d\COMCTL32.dll
0x00007fff00e90000 - 0x00007fff00eba000 	C:\WINDOWS\System32\GDI32.dll
0x00007ffeff190000 - 0x00007ffeff1b2000 	C:\WINDOWS\System32\win32u.dll
0x00007ffefeab0000 - 0x00007ffefebbb000 	C:\WINDOWS\System32\gdi32full.dll
0x00007ffefecc0000 - 0x00007ffefed5d000 	C:\WINDOWS\System32\msvcp_win.dll
0x00007ffef51f0000 - 0x00007ffef51fa000 	C:\WINDOWS\SYSTEM32\VERSION.dll
0x00007fff009f0000 - 0x00007fff00a20000 	C:\WINDOWS\System32\IMM32.DLL
0x00007ffee3350000 - 0x00007ffee33eb000 	C:\Users\Meu Computador\.jdks\jdk-11.0.10\bin\msvcp140.dll
0x00007ffecb440000 - 0x00007ffecbf3b000 	C:\Users\Meu Computador\.jdks\jdk-11.0.10\bin\server\jvm.dll
0x00007fff004d0000 - 0x00007fff004d8000 	C:\WINDOWS\System32\PSAPI.DLL
0x00007ffeee630000 - 0x00007ffeee639000 	C:\WINDOWS\SYSTEM32\WSOCK32.dll
0x00007fff012a0000 - 0x00007fff0130b000 	C:\WINDOWS\System32\WS2_32.dll
0x00007ffedf860000 - 0x00007ffedf887000 	C:\WINDOWS\SYSTEM32\WINMM.dll
0x00007ffefc9e0000 - 0x00007ffefc9f2000 	C:\WINDOWS\SYSTEM32\kernel.appcore.dll
0x00007ffefa740000 - 0x00007ffefa750000 	C:\Users\Meu Computador\.jdks\jdk-11.0.10\bin\verify.dll
0x00007ffeee9b0000 - 0x00007ffeeeb94000 	C:\WINDOWS\SYSTEM32\DBGHELP.DLL
0x00007ffeee350000 - 0x00007ffeee37c000 	C:\WINDOWS\SYSTEM32\dbgcore.DLL
0x00007ffefebc0000 - 0x00007ffefec40000 	C:\WINDOWS\System32\bcryptPrimitives.dll
0x00007ffef0c20000 - 0x00007ffef0c48000 	C:\Users\Meu Computador\.jdks\jdk-11.0.10\bin\java.dll
0x00007ffef9c10000 - 0x00007ffef9c1a000 	C:\Users\Meu Computador\.jdks\jdk-11.0.10\bin\jimage.dll
0x00007ffef0c00000 - 0x00007ffef0c16000 	C:\Users\Meu Computador\.jdks\jdk-11.0.10\bin\zip.dll
0x00007ffeff9d0000 - 0x00007fff00112000 	C:\WINDOWS\System32\SHELL32.dll
0x00007ffefcbe0000 - 0x00007ffefd370000 	C:\WINDOWS\SYSTEM32\windows.storage.dll
0x00007ffeff3d0000 - 0x00007ffeff725000 	C:\WINDOWS\System32\combase.dll
0x00007ffefe380000 - 0x00007ffefe3ac000 	C:\WINDOWS\SYSTEM32\Wldp.dll
0x00007fff00ec0000 - 0x00007fff00f6e000 	C:\WINDOWS\System32\SHCORE.dll
0x00007fff00930000 - 0x00007fff00985000 	C:\WINDOWS\System32\shlwapi.dll
0x00007ffefe9f0000 - 0x00007ffefea0f000 	C:\WINDOWS\SYSTEM32\profapi.dll
0x00007ffeef320000 - 0x00007ffeef339000 	C:\Users\Meu Computador\.jdks\jdk-11.0.10\bin\net.dll
0x00007ffef9a70000 - 0x00007ffef9b7b000 	C:\WINDOWS\SYSTEM32\WINHTTP.dll
0x00007ffefe160000 - 0x00007ffefe1ca000 	C:\WINDOWS\system32\mswsock.dll
0x00007ffeef300000 - 0x00007ffeef312000 	C:\Users\Meu Computador\.jdks\jdk-11.0.10\bin\nio.dll
0x00007ffefe6b0000 - 0x00007ffefe6c8000 	C:\WINDOWS\SYSTEM32\CRYPTSP.dll
0x00007ffefdb20000 - 0x00007ffefdb54000 	C:\WINDOWS\system32\rsaenh.dll
0x00007ffefec40000 - 0x00007ffefec67000 	C:\WINDOWS\System32\bcrypt.dll
0x00007ffefe9b0000 - 0x00007ffefe9de000 	C:\WINDOWS\SYSTEM32\USERENV.dll
0x00007ffefe2e0000 - 0x00007ffefe2ec000 	C:\WINDOWS\SYSTEM32\CRYPTBASE.dll
0x00007ffefde70000 - 0x00007ffefdeab000 	C:\WINDOWS\SYSTEM32\IPHLPAPI.DLL
0x00007fff006e0000 - 0x00007fff006e8000 	C:\WINDOWS\System32\NSI.dll
0x00007ffef9210000 - 0x00007ffef9227000 	C:\WINDOWS\SYSTEM32\dhcpcsvc6.DLL
0x00007ffef9100000 - 0x00007ffef911d000 	C:\WINDOWS\SYSTEM32\dhcpcsvc.DLL
0x00007ffefdeb0000 - 0x00007ffefdf7c000 	C:\WINDOWS\SYSTEM32\DNSAPI.dll
0x00007ffee3f80000 - 0x00007ffee3fa9000 	C:\Users\Meu Computador\AppData\Roaming\Code\User\globalStorage\redhat.java\0.79.1\config_ss_win\org.eclipse.equinox.launcher\org.eclipse.equinox.launcher.win32.win32.x86_64_1.2.200.v20210406-1409\eclipse_11401.dll

dbghelp: loaded successfully - version: 4.0.5 - missing functions: none
symbol engine: initialized successfully - sym options: 0x614 - pdb path: .;C:\Users\Meu Computador\.jdks\jdk-11.0.10\bin;C:\WINDOWS\SYSTEM32;C:\WINDOWS\WinSxS\amd64_microsoft.windows.common-controls_6595b64144ccf1df_6.0.19041.844_none_ca00b6081b84eb1d;C:\Users\Meu Computador\.jdks\jdk-11.0.10\bin\server;C:\Users\Meu Computador\AppData\Roaming\Code\User\globalStorage\redhat.java\0.79.1\config_ss_win\org.eclipse.equinox.launcher\org.eclipse.equinox.launcher.win32.win32.x86_64_1.2.200.v20210406-1409

VM Arguments:
jvm_args: --add-modules=ALL-SYSTEM --add-opens=java.base/java.util=ALL-UNNAMED --add-opens=java.base/java.lang=ALL-UNNAMED -Declipse.application=org.eclipse.jdt.ls.core.id1 -Dosgi.bundles.defaultStartLevel=4 -Declipse.product=org.eclipse.jdt.ls.core.product -Dfile.encoding=utf8 -DwatchParentProcess=false -XX:+UseParallelGC -XX:GCTimeRatio=4 -XX:AdaptiveSizePolicyWeight=90 -Dsun.zip.disableMemoryMapping=true -Xmx1G -Xms100m -Xverify:none 
java_command: c:\Users\Meu Computador\.vscode\extensions\redhat.java-0.79.1\server\plugins\org.eclipse.equinox.launcher_1.6.100.v20201223-0822.jar -configuration c:\Users\Meu Computador\AppData\Roaming\Code\User\globalStorage\redhat.java\0.79.1\config_ss_win -data c:\Users\Meu Computador\AppData\Roaming\Code\User\workspaceStorage\7d887d565e7232b5fbe7020a0b486a6b\redhat.java\ss_ws
java_class_path (initial): c:\Users\Meu Computador\.vscode\extensions\redhat.java-0.79.1\server\plugins\org.eclipse.equinox.launcher_1.6.100.v20201223-0822.jar
Launcher Type: SUN_STANDARD

[Global flags]
    uintx AdaptiveSizePolicyWeight                 = 90                                        {product} {command line}
     bool BytecodeVerificationLocal                = false                                     {product} {command line}
     bool BytecodeVerificationRemote               = false                                     {product} {command line}
     intx CICompilerCount                          = 3                                         {product} {ergonomic}
    uintx GCTimeRatio                              = 4                                         {product} {command line}
   size_t InitialHeapSize                          = 104857600                                 {product} {command line}
   size_t MaxHeapSize                              = 1073741824                                {product} {command line}
   size_t MaxNewSize                               = 357564416                                 {product} {ergonomic}
   size_t MinHeapDeltaBytes                        = 524288                                    {product} {ergonomic}
   size_t NewSize                                  = 34603008                                  {product} {ergonomic}
    uintx NonNMethodCodeHeapSize                   = 5830732                                {pd product} {ergonomic}
    uintx NonProfiledCodeHeapSize                  = 122913754                              {pd product} {ergonomic}
   size_t OldSize                                  = 70254592                                  {product} {ergonomic}
    uintx ProfiledCodeHeapSize                     = 122913754                              {pd product} {ergonomic}
    uintx ReservedCodeCacheSize                    = 251658240                              {pd product} {ergonomic}
     bool SegmentedCodeCache                       = true                                      {product} {ergonomic}
     bool UseCompressedClassPointers               = true                                 {lp64_product} {ergonomic}
     bool UseCompressedOops                        = true                                 {lp64_product} {ergonomic}
     bool UseLargePagesIndividualAllocation        = false                                  {pd product} {ergonomic}
     bool UseParallelGC                            = true                                      {product} {command line}

Logging:
Log output configuration:
 #0: stdout all=warning uptime,level,tags
 #1: stderr all=off uptime,level,tags

Environment Variables:
JAVA_HOME=C:\Users\Meu Computador\.jdks\jdk-11.0.10
CLASSPATH=C:\Users\Meu Computador\.jdks\jdk-11.0.10\lib\tools.jar.;
PATH=C:\Users\Meu\product\18.0.0\dbhomeXE\bin;C:\Python27\;C:\Python27\Scripts;C:\WINDOWS\system32;C:\WINDOWS;C:\WINDOWS\System32\Wbem;C:\WINDOWS\System32\WindowsPowerShell\v1.0\;C:\Program Files\Git\cmd;C:\WINDOWS\System32\OpenSSH\;C:\ProgramData\chocolatey\bin;C:\Program Files\nodejs\;C:\Program Files (x86)\Yarn\bin\;C:\Users\Public\Android\Sdk\platform-tools;C:\Users\Meu Computador\.jdks\jdk-11.0.10\bin;C:\Program Files\MySQL\MySQL Shell 8.0\bin\;C:\Users\Meu Computador\AppData\Local\Microsoft\WindowsApps;C:\Users\Meu Computador\AppData\Local\Programs\Microsoft VS Code\bin;C:\Users\Meu Computador\AppData\Roaming\npm;C:\Users\Meu Computador\AppData\Local\Yarn\bin;C:\Program Files\heroku\bin;
USERNAME=Meu Computador
OS=Windows_NT
PROCESSOR_IDENTIFIER=Intel64 Family 6 Model 58 Stepping 9, GenuineIntel



---------------  S Y S T E M  ---------------

OS: Windows 10 , 64 bit Build 19041 (10.0.19041.928)
Hyper-V role detected

CPU:total 4 (initial active 4) (4 cores per cpu, 1 threads per core) family 6 model 58 stepping 9 microcode 0x21, cmov, cx8, fxsr, mmx, sse, sse2, sse3, ssse3, sse4.1, sse4.2, popcnt, avx, aes, clmul, erms, tsc, tscinvbit, tscinv

Memory: 4k page, system-wide physical 8090M (2237M free)
TotalPageFile size 8090M (AvailPageFile size 4M)
current process WorkingSet (physical memory assigned to process): 112M, peak: 115M
current process commit charge ("private bytes"): 222M, peak: 223M

vm_info: Java HotSpot(TM) 64-Bit Server VM (11.0.10+8-LTS-162) for windows-amd64 JRE (11.0.10+8-LTS-162), built on Dec  8 2020 16:32:57 by "mach5one" with MS VC++ 15.9 (VS2017)

END.
