#
# There is insufficient memory for the Java Runtime Environment to continue.
# Native memory allocation (malloc) failed to allocate 32744 bytes for ChunkPool::allocate
# Possible reasons:
#   The system is out of physical RAM or swap space
#   The process is running with CompressedOops enabled, and the Java Heap may be blocking the growth of the native heap
# Possible solutions:
#   Reduce memory load on the system
#   Increase physical memory or swap space
#   Check if swap backing store is full
#   Decrease Java heap size (-Xmx/-Xms)
#   Decrease number of Java threads
#   Decrease Java thread stack sizes (-Xss)
#   Set larger code cache with -XX:ReservedCodeCacheSize=
#   JVM is running with Unscaled Compressed Oops mode in which the Java heap is
#     placed in the first 4GB address space. The Java Heap base address is the
#     maximum limit for the native heap growth. Please use -XX:HeapBaseMinAddress
#     to set the Java Heap base and to place the Java Heap above 4GB virtual address.
# This output file may be truncated or incomplete.
#
#  Out of Memory Error (./open/src/hotspot/share/memory/arena.cpp:81), pid=8804, tid=5628
#
# JRE version: Java(TM) SE Runtime Environment 18.9 (11.0.10+8) (build 11.0.10+8-LTS-162)
# Java VM: Java HotSpot(TM) 64-Bit Server VM 18.9 (11.0.10+8-LTS-162, mixed mode, tiered, compressed oops, parallel gc, windows-amd64)
# No core dump will be written. Minidumps are not enabled by default on client versions of Windows
#

---------------  S U M M A R Y ------------

Command Line: --add-modules=ALL-SYSTEM --add-opens=java.base/java.util=ALL-UNNAMED --add-opens=java.base/java.lang=ALL-UNNAMED -Declipse.application=org.eclipse.jdt.ls.core.id1 -Dosgi.bundles.defaultStartLevel=4 -Declipse.product=org.eclipse.jdt.ls.core.product -Dfile.encoding=utf8 -DwatchParentProcess=false -XX:+UseParallelGC -XX:GCTimeRatio=4 -XX:AdaptiveSizePolicyWeight=90 -Dsun.zip.disableMemoryMapping=true -Xmx1G -Xms100m -Xverify:none c:\Users\Meu Computador\.vscode\extensions\redhat.java-0.79.1\server\plugins\org.eclipse.equinox.launcher_1.6.100.v20201223-0822.jar -configuration c:\Users\Meu Computador\AppData\Roaming\Code\User\globalStorage\redhat.java\0.79.1\config_win -data c:\Users\Meu Computador\AppData\Roaming\Code\User\workspaceStorage\7d887d565e7232b5fbe7020a0b486a6b\redhat.java\jdt_ws

Host: Intel(R) Core(TM) i5-3470 CPU @ 3.20GHz, 4 cores, 7G,  Windows 10 , 64 bit Build 19041 (10.0.19041.928)
Time: Tue May 18 13:19:52 2021 Hora oficial do Brasil elapsed time: 0.637829 seconds (0d 0h 0m 0s)

---------------  T H R E A D  ---------------

Current thread (0x000002469b378000):  JavaThread "C2 CompilerThread0" daemon [_thread_in_native, id=5628, stack(0x0000007dcf400000,0x0000007dcf500000)]


Current CompileTask:
C2:    637  549   !   4       java.util.jar.Attributes::read (390 bytes)

Stack: [0x0000007dcf400000,0x0000007dcf500000]
Native frames: (J=compiled Java code, j=interpreted, Vv=VM code, C=native code)
V  [jvm.dll+0x613e6a]
V  [jvm.dll+0x74c1ff]
V  [jvm.dll+0x74d885]
V  [jvm.dll+0x74df03]
V  [jvm.dll+0x243b78]
V  [jvm.dll+0xba66b]
V  [jvm.dll+0xba9cc]
V  [jvm.dll+0x5f32b3]
V  [jvm.dll+0x5ab1e5]
V  [jvm.dll+0x5a9ece]
V  [jvm.dll+0x1fd237]
V  [jvm.dll+0x1fc54f]
V  [jvm.dll+0x17f09c]
V  [jvm.dll+0x20bbd4]
V  [jvm.dll+0x209cab]
V  [jvm.dll+0x713619]
V  [jvm.dll+0x70c314]
V  [jvm.dll+0x613036]
C  [ucrtbase.dll+0x21bb2]
C  [KERNEL32.DLL+0x17034]
C  [ntdll.dll+0x52651]


---------------  P R O C E S S  ---------------

Threads class SMR info:
_java_thread_list=0x000002469c7c0e30, length=11, elements={
0x00000246ff8c6800, 0x000002469b35f800, 0x000002469b362000, 0x000002469c522800,
0x000002469c523000, 0x000002469b378000, 0x000002469b37a800, 0x000002469b3bd000,
0x000002469c63d000, 0x000002469c7a2000, 0x000002469c906800
}

Java Threads: ( => current thread )
  0x00000246ff8c6800 JavaThread "main" [_thread_blocked, id=11428, stack(0x0000007dced00000,0x0000007dcee00000)]
  0x000002469b35f800 JavaThread "Reference Handler" daemon [_thread_blocked, id=7384, stack(0x0000007dcf000000,0x0000007dcf100000)]
  0x000002469b362000 JavaThread "Finalizer" daemon [_thread_blocked, id=3956, stack(0x0000007dcf100000,0x0000007dcf200000)]
  0x000002469c522800 JavaThread "Signal Dispatcher" daemon [_thread_blocked, id=11908, stack(0x0000007dcf200000,0x0000007dcf300000)]
  0x000002469c523000 JavaThread "Attach Listener" daemon [_thread_blocked, id=3544, stack(0x0000007dcf300000,0x0000007dcf400000)]
=>0x000002469b378000 JavaThread "" daemon [_thread_in_native, id=5628, stack(0x0000007dcf400000,0x0000007dcf500000)]
  0x000002469b37a800 JavaThread "" daemon [_thread_blocked, id=11080, stack(0x0000007dcf500000,0x0000007dcf600000)]
  0x000002469b3bd000 JavaThread "Sweeper thread" daemon [_thread_blocked, id=3308, stack(0x0000007dcf600000,0x0000007dcf700000)]
  0x000002469c63d000 JavaThread "Common-Cleaner" daemon [_thread_blocked, id=9292, stack(0x0000007dcf700000,0x0000007dcf800000)]
  0x000002469c7a2000 JavaThread "Service Thread" daemon [_thread_blocked, id=12120, stack(0x0000007dcf800000,0x0000007dcf900000)]
  0x000002469c906800 JavaThread "" daemon [_thread_in_native, id=1760, stack(0x0000007dcfa00000,0x0000007dcfb00000)]

Other Threads:
  0x00000246ff990000 VMThread "VM Thread" [stack: 0x0000007dcef00000,0x0000007dcf000000] [id=7844]
  0x000002469c759000 WatcherThread [stack: 0x0000007dcf900000,0x0000007dcfa00000] [id=2100]
  0x00000246ff8db000 GCTaskThread "ParGC Thread#0" [stack: 0x0000007dcee00000,0x0000007dcef00000] [id=2404]
  0x000002469ca18800 GCTaskThread "ParGC Thread#1" [stack: 0x0000007dcfb00000,0x0000007dcfc00000] [id=5864]

Threads with active compile tasks:
    671  549   !   4       java.util.jar.Attributes::read (390 bytes)
    671  585       4       sun.security.provider.SHA2::implCompress (13 bytes)

VM state:at safepoint (normal execution)

VM Mutex/Monitor currently owned by a thread:  ([mutex/lock_event])
[0x00000246ff8c4aa0] Threads_lock - owner thread: 0x00000246ff990000
[0x00000246ff8c5280] Heap_lock - owner thread: 0x00000246ff8c6800

Heap address: 0x00000000c0000000, size: 1024 MB, Compressed Oops mode: 32-bit
Narrow klass base: 0x0000000000000000, Narrow klass shift: 3
Compressed class space size: 1073741824 Address: 0x0000000100000000

Heap:
 PSYoungGen      total 29696K, used 2093K [0x00000000eab00000, 0x00000000ecc00000, 0x0000000100000000)
  eden space 25600K, 0% used [0x00000000eab00000,0x00000000eab00000,0x00000000ec400000)
  from space 4096K, 51% used [0x00000000ec400000,0x00000000ec60b648,0x00000000ec800000)
  to   space 4096K, 0% used [0x00000000ec800000,0x00000000ec800000,0x00000000ecc00000)
 ParOldGen       total 68608K, used 0K [0x00000000c0000000, 0x00000000c4300000, 0x00000000eab00000)
  object space 68608K, 0% used [0x00000000c0000000,0x00000000c0000000,0x00000000c4300000)
 Metaspace       used 9410K, capacity 9570K, committed 9728K, reserved 1064960K
  class space    used 854K, capacity 915K, committed 1024K, reserved 1048576K

Card table byte_map: [0x00000246ffba0000,0x00000246ffdb0000] _byte_map_base: 0x00000246ff5a0000

Marking Bits: (ParMarkBitMap*) 0x00007ffecbe83590
 Begin Bits: [0x00000246987c0000, 0x00000246997c0000)
 End Bits:   [0x00000246997c0000, 0x000002469a7c0000)

Polling page: 0x00000246ff680000

Metaspace:

Usage:
  Non-class:      8.45 MB capacity,     8.36 MB ( 99%) used,    91.02 KB (  1%) free+waste,     8.06 KB ( <1%) overhead. 
      Class:    915.00 KB capacity,   854.21 KB ( 93%) used,    57.29 KB (  6%) free+waste,     3.50 KB ( <1%) overhead. 
       Both:      9.35 MB capacity,     9.19 MB ( 98%) used,   148.31 KB (  2%) free+waste,    11.56 KB ( <1%) overhead. 

Virtual space:
  Non-class space:       16.00 MB reserved,       8.50 MB ( 53%) committed 
      Class space:        1.00 GB reserved,       1.00 MB ( <1%) committed 
             Both:        1.02 GB reserved,       9.50 MB ( <1%) committed 

Chunk freelists:
   Non-Class:  6.13 KB
       Class:  1.63 KB
        Both:  7.75 KB

CodeHeap 'non-profiled nmethods': size=120064Kb used=160Kb max_used=160Kb free=119903Kb
 bounds [0x0000024691280000, 0x00000246914f0000, 0x00000246987c0000]
CodeHeap 'profiled nmethods': size=120000Kb used=858Kb max_used=858Kb free=119141Kb
 bounds [0x0000024689d50000, 0x0000024689fc0000, 0x0000024691280000]
CodeHeap 'non-nmethods': size=5696Kb used=1061Kb max_used=1074Kb free=4634Kb
 bounds [0x00000246897c0000, 0x0000024689a30000, 0x0000024689d50000]
 total_blobs=946 nmethods=585 adapters=275
 compilation: enabled
              stopped_count=0, restarted_count=0
 full_count=0

Compilation events (10 events):
Event: 0.629 Thread 0x000002469b37a800 nmethod 581 0x00000246912a7710 code [0x00000246912a78a0, 0x00000246912a7958]
Event: 0.629 Thread 0x000002469b37a800  582       3       java.nio.Buffer::checkIndex (22 bytes)
Event: 0.629 Thread 0x000002469b37a800 nmethod 582 0x0000024689e25c90 code [0x0000024689e25e40, 0x0000024689e26028]
Event: 0.630 Thread 0x000002469c906800  583       4       sun.security.provider.ByteArrayAccess::b2iBig64 (614 bytes)
Event: 0.632 Thread 0x000002469c906800 nmethod 583 0x00000246912a7e10 code [0x00000246912a7fa0, 0x00000246912a81d8]
Event: 0.632 Thread 0x000002469c906800  585       4       sun.security.provider.SHA2::implCompress (13 bytes)
Event: 0.633 Thread 0x000002469b37a800  586       3       java.util.zip.Inflater::ensureOpen (47 bytes)
Event: 0.633 Thread 0x000002469b37a800 nmethod 586 0x0000024689e26110 code [0x0000024689e262c0, 0x0000024689e26508]
Event: 0.635 Thread 0x000002469b37a800  588       3       java.lang.ref.SoftReference::get (29 bytes)
Event: 0.635 Thread 0x000002469b37a800 nmethod 588 0x0000024689e26610 code [0x0000024689e267c0, 0x0000024689e26958]

GC Heap History (0 events):
No events

Deoptimization events (2 events):
Event: 0.232 Thread 0x00000246ff8c6800 Uncommon trap: reason=unstable_if action=reinterpret pc=0x000002469128d710 method=java.lang.String.isLatin1()Z @ 10 c2
Event: 0.273 Thread 0x00000246ff8c6800 Uncommon trap: reason=unstable_if action=reinterpret pc=0x000002469128cba0 method=java.util.HashMap.putVal(ILjava/lang/Object;Ljava/lang/Object;ZZ)Ljava/lang/Object; @ 181 c2

Classes redefined (0 events):
No events

Internal exceptions (10 events):
Event: 0.400 Thread 0x00000246ff8c6800 Exception <a 'java/lang/ClassNotFoundException'{0x00000000eaf8a398}: sun/net/www/protocol/c/Handler> (0x00000000eaf8a398) thrown at [./open/src/hotspot/share/classfile/systemDictionary.cpp, line 228]
Event: 0.457 Thread 0x00000246ff8c6800 Exception <a 'java/io/FileNotFoundException'{0x00000000eafa1180}> (0x00000000eafa1180) thrown at [./open/src/hotspot/share/prims/jni.cpp, line 611]
Event: 0.457 Thread 0x00000246ff8c6800 Exception <a 'java/io/FileNotFoundException'{0x00000000eafa1ff0}> (0x00000000eafa1ff0) thrown at [./open/src/hotspot/share/prims/jni.cpp, line 611]
Event: 0.458 Thread 0x00000246ff8c6800 Exception <a 'java/io/FileNotFoundException'{0x00000000eafa2d20}> (0x00000000eafa2d20) thrown at [./open/src/hotspot/share/prims/jni.cpp, line 611]
Event: 0.458 Thread 0x00000246ff8c6800 Exception <a 'java/io/FileNotFoundException'{0x00000000eafa3a60}> (0x00000000eafa3a60) thrown at [./open/src/hotspot/share/prims/jni.cpp, line 611]
Event: 0.483 Thread 0x00000246ff8c6800 Exception <a 'java/io/FileNotFoundException'{0x00000000eafbfa48}> (0x00000000eafbfa48) thrown at [./open/src/hotspot/share/prims/jni.cpp, line 611]
Event: 0.498 Thread 0x00000246ff8c6800 Exception <a 'sun/nio/fs/WindowsException'{0x00000000eaff3328}> (0x00000000eaff3328) thrown at [./open/src/hotspot/share/prims/jni.cpp, line 611]
Event: 0.499 Thread 0x00000246ff8c6800 Exception <a 'sun/nio/fs/WindowsException'{0x00000000eaff3d38}> (0x00000000eaff3d38) thrown at [./open/src/hotspot/share/prims/jni.cpp, line 611]
Event: 0.499 Thread 0x00000246ff8c6800 Exception <a 'sun/nio/fs/WindowsException'{0x00000000eaff4348}> (0x00000000eaff4348) thrown at [./open/src/hotspot/share/prims/jni.cpp, line 611]
Event: 0.499 Thread 0x00000246ff8c6800 Exception <a 'sun/nio/fs/WindowsException'{0x00000000eaff4ad8}> (0x00000000eaff4ad8) thrown at [./open/src/hotspot/share/prims/jni.cpp, line 611]

Events (10 events):
Event: 0.632 loading class org/eclipse/osgi/framework/util/SecureAction
Event: 0.632 loading class org/eclipse/osgi/framework/util/SecureAction done
Event: 0.632 loading class org/eclipse/osgi/framework/util/SecureAction$1
Event: 0.632 loading class org/eclipse/osgi/framework/util/SecureAction$1 done
Event: 0.633 loading class org/eclipse/osgi/framework/util/SecureAction$1$1
Event: 0.633 loading class org/eclipse/osgi/framework/util/SecureAction$1$1 done
Event: 0.634 Thread 0x00000246ff8c6800 DEOPT PACKING pc=0x0000024689dadd24 sp=0x0000007dcedf8ff0
Event: 0.634 Thread 0x00000246ff8c6800 DEOPT UNPACKING pc=0x00000246897e6e4e sp=0x0000007dcedf8488 mode 0
Event: 0.634 loading class org/eclipse/osgi/framework/util/SecureAction$2
Event: 0.634 loading class org/eclipse/osgi/framework/util/SecureAction$2 done


Dynamic libraries:
0x00007ff7ba1a0000 - 0x00007ff7ba1af000 	C:\Users\Meu Computador\.jdks\jdk-11.0.10\bin\java.exe
0x00007fff01370000 - 0x00007fff01565000 	C:\WINDOWS\SYSTEM32\ntdll.dll
0x00007fff00400000 - 0x00007fff004bd000 	C:\WINDOWS\System32\KERNEL32.DLL
0x00007ffefeec0000 - 0x00007ffeff188000 	C:\WINDOWS\System32\KERNELBASE.dll
0x00007ffefc390000 - 0x00007ffefc420000 	C:\WINDOWS\SYSTEM32\apphelp.dll
0x00007ffefedc0000 - 0x00007ffefeec0000 	C:\WINDOWS\System32\ucrtbase.dll
0x00007ffef5060000 - 0x00007ffef5078000 	C:\Users\Meu Computador\.jdks\jdk-11.0.10\bin\jli.dll
0x00007fff00fd0000 - 0x00007fff0107c000 	C:\WINDOWS\System32\ADVAPI32.dll
0x00007fff00890000 - 0x00007fff0092e000 	C:\WINDOWS\System32\msvcrt.dll
0x00007fff011a0000 - 0x00007fff0123b000 	C:\WINDOWS\System32\sechost.dll
0x00007fff004e0000 - 0x00007fff0060b000 	C:\WINDOWS\System32\RPCRT4.dll
0x00007fff006f0000 - 0x00007fff00890000 	C:\WINDOWS\System32\USER32.dll
0x00007ffeff190000 - 0x00007ffeff1b2000 	C:\WINDOWS\System32\win32u.dll
0x00007fff00e90000 - 0x00007fff00eba000 	C:\WINDOWS\System32\GDI32.dll
0x00007ffefeab0000 - 0x00007ffefebbb000 	C:\WINDOWS\System32\gdi32full.dll
0x00007ffefecc0000 - 0x00007ffefed5d000 	C:\WINDOWS\System32\msvcp_win.dll
0x00007ffef0d00000 - 0x00007ffef0d15000 	C:\Users\Meu Computador\.jdks\jdk-11.0.10\bin\VCRUNTIME140.dll
0x00007ffee1590000 - 0x00007ffee182a000 	C:\WINDOWS\WinSxS\amd64_microsoft.windows.common-controls_6595b64144ccf1df_6.0.19041.844_none_ca00b6081b84eb1d\COMCTL32.dll
0x00007ffef51f0000 - 0x00007ffef51fa000 	C:\WINDOWS\SYSTEM32\VERSION.dll
0x00007fff009f0000 - 0x00007fff00a20000 	C:\WINDOWS\System32\IMM32.DLL
0x00007ffee3350000 - 0x00007ffee33eb000 	C:\Users\Meu Computador\.jdks\jdk-11.0.10\bin\msvcp140.dll
0x00007ffecb440000 - 0x00007ffecbf3b000 	C:\Users\Meu Computador\.jdks\jdk-11.0.10\bin\server\jvm.dll
0x00007fff004d0000 - 0x00007fff004d8000 	C:\WINDOWS\System32\PSAPI.DLL
0x00007ffeee630000 - 0x00007ffeee639000 	C:\WINDOWS\SYSTEM32\WSOCK32.dll
0x00007fff012a0000 - 0x00007fff0130b000 	C:\WINDOWS\System32\WS2_32.dll
0x00007ffedf860000 - 0x00007ffedf887000 	C:\WINDOWS\SYSTEM32\WINMM.dll
0x00007ffefc9e0000 - 0x00007ffefc9f2000 	C:\WINDOWS\SYSTEM32\kernel.appcore.dll
0x00007ffefa740000 - 0x00007ffefa750000 	C:\Users\Meu Computador\.jdks\jdk-11.0.10\bin\verify.dll
0x00007ffeee9b0000 - 0x00007ffeeeb94000 	C:\WINDOWS\SYSTEM32\DBGHELP.DLL
0x00007ffeee350000 - 0x00007ffeee37c000 	C:\WINDOWS\SYSTEM32\dbgcore.DLL
0x00007ffefebc0000 - 0x00007ffefec40000 	C:\WINDOWS\System32\bcryptPrimitives.dll
0x00007ffef0c20000 - 0x00007ffef0c48000 	C:\Users\Meu Computador\.jdks\jdk-11.0.10\bin\java.dll
0x00007ffef9c10000 - 0x00007ffef9c1a000 	C:\Users\Meu Computador\.jdks\jdk-11.0.10\bin\jimage.dll
0x00007ffef0c00000 - 0x00007ffef0c16000 	C:\Users\Meu Computador\.jdks\jdk-11.0.10\bin\zip.dll
0x00007ffeff9d0000 - 0x00007fff00112000 	C:\WINDOWS\System32\SHELL32.dll
0x00007ffefcbe0000 - 0x00007ffefd370000 	C:\WINDOWS\SYSTEM32\windows.storage.dll
0x00007ffeff3d0000 - 0x00007ffeff725000 	C:\WINDOWS\System32\combase.dll
0x00007ffefe380000 - 0x00007ffefe3ac000 	C:\WINDOWS\SYSTEM32\Wldp.dll
0x00007fff00ec0000 - 0x00007fff00f6e000 	C:\WINDOWS\System32\SHCORE.dll
0x00007fff00930000 - 0x00007fff00985000 	C:\WINDOWS\System32\shlwapi.dll
0x00007ffefe9f0000 - 0x00007ffefea0f000 	C:\WINDOWS\SYSTEM32\profapi.dll
0x00007ffeef320000 - 0x00007ffeef339000 	C:\Users\Meu Computador\.jdks\jdk-11.0.10\bin\net.dll
0x00007ffef9a70000 - 0x00007ffef9b7b000 	C:\WINDOWS\SYSTEM32\WINHTTP.dll
0x00007ffefe160000 - 0x00007ffefe1ca000 	C:\WINDOWS\system32\mswsock.dll
0x00007ffeef300000 - 0x00007ffeef312000 	C:\Users\Meu Computador\.jdks\jdk-11.0.10\bin\nio.dll

dbghelp: loaded successfully - version: 4.0.5 - missing functions: none
symbol engine: initialized successfully - sym options: 0x614 - pdb path: .;C:\Users\Meu Computador\.jdks\jdk-11.0.10\bin;C:\WINDOWS\SYSTEM32;C:\WINDOWS\WinSxS\amd64_microsoft.windows.common-controls_6595b64144ccf1df_6.0.19041.844_none_ca00b6081b84eb1d;C:\Users\Meu Computador\.jdks\jdk-11.0.10\bin\server

VM Arguments:
jvm_args: --add-modules=ALL-SYSTEM --add-opens=java.base/java.util=ALL-UNNAMED --add-opens=java.base/java.lang=ALL-UNNAMED -Declipse.application=org.eclipse.jdt.ls.core.id1 -Dosgi.bundles.defaultStartLevel=4 -Declipse.product=org.eclipse.jdt.ls.core.product -Dfile.encoding=utf8 -DwatchParentProcess=false -XX:+UseParallelGC -XX:GCTimeRatio=4 -XX:AdaptiveSizePolicyWeight=90 -Dsun.zip.disableMemoryMapping=true -Xmx1G -Xms100m -Xverify:none 
java_command: c:\Users\Meu Computador\.vscode\extensions\redhat.java-0.79.1\server\plugins\org.eclipse.equinox.launcher_1.6.100.v20201223-0822.jar -configuration c:\Users\Meu Computador\AppData\Roaming\Code\User\globalStorage\redhat.java\0.79.1\config_win -data c:\Users\Meu Computador\AppData\Roaming\Code\User\workspaceStorage\7d887d565e7232b5fbe7020a0b486a6b\redhat.java\jdt_ws
java_class_path (initial): c:\Users\Meu Computador\.vscode\extensions\redhat.java-0.79.1\server\plugins\org.eclipse.equinox.launcher_1.6.100.v20201223-0822.jar
Launcher Type: SUN_STANDARD

[Global flags]
    uintx AdaptiveSizePolicyWeight                 = 90                                        {product} {command line}
     bool BytecodeVerificationLocal                = false                                     {product} {command line}
     bool BytecodeVerificationRemote               = false                                     {product} {command line}
     intx CICompilerCount                          = 3                                         {product} {ergonomic}
    uintx GCTimeRatio                              = 4                                         {product} {command line}
   size_t InitialHeapSize                          = 104857600                                 {product} {command line}
   size_t MaxHeapSize                              = 1073741824                                {product} {command line}
   size_t MaxNewSize                               = 357564416                                 {product} {ergonomic}
   size_t MinHeapDeltaBytes                        = 524288                                    {product} {ergonomic}
   size_t NewSize                                  = 34603008                                  {product} {ergonomic}
    uintx NonNMethodCodeHeapSize                   = 5830732                                {pd product} {ergonomic}
    uintx NonProfiledCodeHeapSize                  = 122913754                              {pd product} {ergonomic}
   size_t OldSize                                  = 70254592                                  {product} {ergonomic}
    uintx ProfiledCodeHeapSize                     = 122913754                              {pd product} {ergonomic}
    uintx ReservedCodeCacheSize                    = 251658240                              {pd product} {ergonomic}
     bool SegmentedCodeCache                       = true                                      {product} {ergonomic}
     bool UseCompressedClassPointers               = true                                 {lp64_product} {ergonomic}
     bool UseCompressedOops                        = true                                 {lp64_product} {ergonomic}
     bool UseLargePagesIndividualAllocation        = false                                  {pd product} {ergonomic}
     bool UseParallelGC                            = true                                      {product} {command line}

Logging:
Log output configuration:
 #0: stdout all=warning uptime,level,tags
 #1: stderr all=off uptime,level,tags

Environment Variables:
JAVA_HOME=C:\Users\Meu Computador\.jdks\jdk-11.0.10
CLASSPATH=C:\Users\Meu Computador\.jdks\jdk-11.0.10\lib\tools.jar.;
PATH=C:\Users\Meu\product\18.0.0\dbhomeXE\bin;C:\Python27\;C:\Python27\Scripts;C:\WINDOWS\system32;C:\WINDOWS;C:\WINDOWS\System32\Wbem;C:\WINDOWS\System32\WindowsPowerShell\v1.0\;C:\Program Files\Git\cmd;C:\WINDOWS\System32\OpenSSH\;C:\ProgramData\chocolatey\bin;C:\Program Files\nodejs\;C:\Program Files (x86)\Yarn\bin\;C:\Users\Public\Android\Sdk\platform-tools;C:\Users\Meu Computador\.jdks\jdk-11.0.10\bin;C:\Program Files\MySQL\MySQL Shell 8.0\bin\;C:\Users\Meu Computador\AppData\Local\Microsoft\WindowsApps;C:\Users\Meu Computador\AppData\Local\Programs\Microsoft VS Code\bin;C:\Users\Meu Computador\AppData\Roaming\npm;C:\Users\Meu Computador\AppData\Local\Yarn\bin;C:\Program Files\heroku\bin;
USERNAME=Meu Computador
OS=Windows_NT
PROCESSOR_IDENTIFIER=Intel64 Family 6 Model 58 Stepping 9, GenuineIntel



---------------  S Y S T E M  ---------------

OS: Windows 10 , 64 bit Build 19041 (10.0.19041.928)
Hyper-V role detected

CPU:total 4 (initial active 4) (4 cores per cpu, 1 threads per core) family 6 model 58 stepping 9 microcode 0x21, cmov, cx8, fxsr, mmx, sse, sse2, sse3, ssse3, sse4.1, sse4.2, popcnt, avx, aes, clmul, erms, tsc, tscinvbit, tscinv

Memory: 4k page, system-wide physical 8090M (2281M free)
TotalPageFile size 8090M (AvailPageFile size 4M)
current process WorkingSet (physical memory assigned to process): 51M, peak: 51M
current process commit charge ("private bytes"): 183M, peak: 183M

vm_info: Java HotSpot(TM) 64-Bit Server VM (11.0.10+8-LTS-162) for windows-amd64 JRE (11.0.10+8-LTS-162), built on Dec  8 2020 16:32:57 by "mach5one" with MS VC++ 15.9 (VS2017)

END.
